PS C:\Projects\workspace\LUI_BAU_D7> npm install angular@1.6.6
⠇^CTerminate batch job (Y/N)? Y
PS C:\Projects\workspace\LUI_BAU_D7> 1.8.4npm install angular@1.6.6^C
PS C:\Projects\workspace\LUI_BAU_D7> npm install angular@1.6.6
npm warn deprecated osenv@0.1.5: This package is no longer supported.
npm warn deprecated inflight@1.0.6: This module is not supported, and leaks memory. Do not use it. Check out lru-cache if you want a good and tested way to coalesce async requests by 
a key value, which is much more comprehensive and powerful.
npm warn deprecated rimraf@2.7.1: Rimraf versions prior to v4 are no longer supported
npm warn deprecated glob@7.2.3: Glob versions prior to v9 are no longer supported
npm warn deprecated graceful-fs@1.2.3: please upgrade to graceful-fs 4 for compatibility with current and future versions of Node.js
npm warn deprecated glob@7.1.7: Glob versions prior to v9 are no longer supported
npm warn deprecated rimraf@2.2.8: Rimraf versions prior to v4 are no longer supported
npm warn deprecated minimatch@0.2.14: Please update to minimatch 3.0.2 or higher to avoid a RegExp DoS issue
npm warn deprecated minimatch@0.3.0: Please update to minimatch 3.0.2 or higher to avoid a RegExp DoS issue
npm warn deprecated glob@3.1.21: Glob versions prior to v9 are no longer supported
npm warn deprecated glob@3.2.11: Glob versions prior to v9 are no longer supported
npm warn deprecated coffee-script@1.3.3: CoffeeScript on NPM has moved to "coffeescript" (no hyphen)
npm warn deprecated coffee-script@1.12.7: CoffeeScript on NPM has moved to "coffeescript" (no hyphen)
npm warn deprecated angular@1.6.6: For the actively supported Angular, see https://www.npmjs.com/package/@angular/core. AngularJS support has officially ended. For extended AngularJS 
support options, see https://goo.gle/angularjs-path-forward.

added 315 packages, and audited 316 packages in 16s

30 packages are looking for funding
  run `npm fund` for details
26 vulnerabilities (1 low, 1 moderate, 17 high, 7 critical)

To address issues that do not require attention, run:
  npm audit fix

To address all issues possible (including breaking changes), run:
  npm audit fix --force

Some issues need review, and may require choosing
a different dependency.

Run `npm audit` for details.
PS C:\Projects\workspace\LUI_BAU_D7> npm install grunt-contrib-cssmin --save-dev

added 3 packages, and audited 319 packages in 6s

30 packages are looking for funding
  run `npm fund` for details
26 vulnerabilities (1 low, 1 moderate, 16 high, 8 critical)

To address issues that do not require attention, run:
  npm audit fix

To address all issues possible (including breaking changes), run:
  npm audit fix --force

Some issues need review, and may require choosing
a different dependency.

Run `npm audit` for details.
PS C:\Projects\workspace\LUI_BAU_D7> grunt
Running "jshint:files" (jshint) task
>> 2 files lint free.

Running "concat:dist" (concat) task

Running "uglify:dist" (uglify) task
JS_Parse_Error [SyntaxError]: Calling delete on expression not allowed in strict mode
    at js_error (<anonymous>:3135:11)
    at croak (<anonymous>:3659:9)
    at token_error (<anonymous>:3667:9)
    at make_unary (<anonymous>:5321:17)
    at maybe_unary (<anonymous>:5296:22)
    at expr_ops (<anonymous>:5346:24)
    at maybe_conditional (<anonymous>:5351:20)
    at maybe_assign (<anonymous>:5431:20)
    at expression (<anonymous>:5457:24)
    at simple_statement (<anonymous>:3951:20)
    at eval (<anonymous>:3751:20)
    at eval (<anonymous>:3714:31)
    at block_ (<anonymous>:4568:20)
    at function_ (<anonymous>:4317:20)
    at eval (<anonymous>:3862:50)
    at eval (<anonymous>:3714:31)
    at block_ (<anonymous>:4568:20)
    at function_ (<anonymous>:4317:20)
    at expr_atom (<anonymous>:4828:24)
    at maybe_unary (<anonymous>:5301:19)
    at expr_ops (<anonymous>:5346:24)
    at maybe_conditional (<anonymous>:5351:20)
    at maybe_assign (<anonymous>:5431:20)
    at expression (<anonymous>:5457:24)
    at expr_atom (<anonymous>:4780:26)
    at maybe_unary (<anonymous>:5301:19)
    at expr_ops (<anonymous>:5346:24)
    at maybe_conditional (<anonymous>:5351:20)
    at maybe_assign (<anonymous>:5431:20)
    at expression (<anonymous>:5457:24)
    at simple_statement (<anonymous>:3951:20)
    at eval (<anonymous>:3804:24)
    at eval (<anonymous>:3714:31)
    at eval (<anonymous>:5492:23)
    at parse (<anonymous>:5503:6)
    at Object.minify (<anonymous>:25004:53)
    at Object.exports.minify (C:\Projects\workspace\LUI_BAU_D7\node_modules\grunt-contrib-uglify\tasks\lib\uglify.js:124:27)
    at C:\Projects\workspace\LUI_BAU_D7\node_modules\grunt-contrib-uglify\tasks\uglify.js:142:25
    at Array.forEach (<anonymous>:null:null)
    at Object.<anonymous> (C:\Projects\workspace\LUI_BAU_D7\node_modules\grunt-contrib-uglify\tasks\uglify.js:78:16)
    at Object.<anonymous> (C:\Projects\workspace\LUI_BAU_D7\node_modules\grunt\lib\grunt\task.js:252:15)
    at Object.thisTask.fn (C:\Projects\workspace\LUI_BAU_D7\node_modules\grunt\lib\grunt\task.js:70:16)
    at Object.<anonymous> (C:\Projects\workspace\LUI_BAU_D7\node_modules\grunt\lib\util\task.js:294:30)
    at Task.runTaskFn (C:\Projects\workspace\LUI_BAU_D7\node_modules\grunt\lib\util\task.js:244:24)
    at Task.<anonymous> (C:\Projects\workspace\LUI_BAU_D7\node_modules\grunt\lib\util\task.js:293:12)
    at C:\Projects\workspace\LUI_BAU_D7\node_modules\grunt\lib\util\task.js:220:11
    at processTicksAndRejections (node:internal/process/task_queues:77:11)
 {
  filename: '../../../js/lib/custom-plugins/edittableTable.js',
  line: 99,
  col: 19,
  pos: 4568
}
>> Uglifying source js/lib/custom-plugins/jqueryTable.js,js/lib/custom-plugins/edittableTable.js,js/lib/custom-plugins/MessageCallBack.js failed.
Warning: Uglification failed.
Calling delete on expression not allowed in strict mode.
Line 99 in js/lib/custom-plugins/jqueryTable.js,js/lib/custom-plugins/edittableTable.js,js/lib/custom-plugins/MessageCallBack.js
 Use --force to continue.

Aborted due to warnings.
PS C:\Projects\workspace\LUI_BAU_D7> 
